Downloading https://www.cs.toronto.edu/~kriz/cifar-10-python.tar.gz to ./data/cifar/cifar-10-python.tar.gz
Files already downloaded and verified
Sampled IID workers
CNNCifar(
  (conv1): Conv2d(3, 6, kernel_size=(5, 5), stride=(1, 1))
  (pool): MaxPool2d(kernel_size=2, stride=2, padding=0, dilation=1, ceil_mode=False)
  (conv2): Conv2d(6, 16, kernel_size=(5, 5), stride=(1, 1))
  (fc1): Linear(in_features=400, out_features=120, bias=True)
  (fc2): Linear(in_features=120, out_features=84, bias=True)
  (fc3): Linear(in_features=84, out_features=10, bias=True)
)
chosen workers [88 61  1 22 78 42 58 40 53 10]
Round   0, Average loss 2.293
Training accuracy: 20.00
Testing accuracy: 19.00
chosen workers [81  6 40 62 88 21 20 28 23 99]
Round   1, Average loss 2.212
Training accuracy: 26.00
Testing accuracy: 25.00
Files already downloaded and verified
Files already downloaded and verified
Sampled IID workers
CNNCifar(
  (conv1): Conv2d(3, 6, kernel_size=(5, 5), stride=(1, 1))
  (pool): MaxPool2d(kernel_size=2, stride=2, padding=0, dilation=1, ceil_mode=False)
  (conv2): Conv2d(6, 16, kernel_size=(5, 5), stride=(1, 1))
  (fc1): Linear(in_features=400, out_features=120, bias=True)
  (fc2): Linear(in_features=120, out_features=84, bias=True)
  (fc3): Linear(in_features=84, out_features=10, bias=True)
)
chosen workers [36 72  0 10 66 96  2 80 43 63]
Round   0, Average loss 2.298
Training accuracy: 15.00
Testing accuracy: 15.00
chosen workers [ 9 86 24 39 50 92  6 38 53 14]
Round   1, Average loss 2.284
Training accuracy: 17.00
Testing accuracy: 17.00
chosen workers [58 41 87 76 39 99 74 25 55 62]
Round   2, Average loss 2.191
Training accuracy: 24.00
Testing accuracy: 24.00
chosen workers [52 65 94 13 69 31 14 39  4 58]
Round   3, Average loss 2.072
Training accuracy: 29.00
Testing accuracy: 29.00
chosen workers [40 53 26 35 56 10 77  2 30 32]
Round   4, Average loss 1.932
Training accuracy: 32.00
Testing accuracy: 31.00
chosen workers [33 59 74 34  1 26 18 21 30  6]
Round   5, Average loss 1.832
Training accuracy: 36.00
Testing accuracy: 35.00
chosen workers [15 67  7  0 46 27 95 20  4 65]
Round   6, Average loss 1.742
Training accuracy: 39.00
Testing accuracy: 38.00
chosen workers [55 37 38 26 71 23 51 83 85  8]
Round   7, Average loss 1.673
Training accuracy: 41.00
Testing accuracy: 40.00
chosen workers [60 15  2 93 42  8 33 39 80 98]
Round   8, Average loss 1.607
Training accuracy: 43.00
Testing accuracy: 41.00
chosen workers [72  1 22 77 17 99 80 75 16 76]
Round   9, Average loss 1.547
Training accuracy: 44.00
Testing accuracy: 42.00
chosen workers [78 41 92 91 54 52 16 43 47 44]
Round  10, Average loss 1.491
Training accuracy: 45.00
Testing accuracy: 43.00
chosen workers [88 15 28 37 79 70 75  7 41  5]
Round  11, Average loss 1.437
Training accuracy: 47.00
Testing accuracy: 44.00
chosen workers [32 58 73 59 30 86 42 85 26 22]
Round  12, Average loss 1.370
Training accuracy: 48.00
Testing accuracy: 45.00
chosen workers [69 87  1 39 75 94 70 79 21 66]
Round  13, Average loss 1.282
Training accuracy: 50.00
Testing accuracy: 46.00
chosen workers [37  7 62 77 71 85 11 20 48 55]
Round  14, Average loss 1.248
Training accuracy: 49.00
Testing accuracy: 47.00
chosen workers [18 77 52 26 54 42 36 55 99 19]
Round  15, Average loss 1.174
Training accuracy: 52.00
Testing accuracy: 48.00
chosen workers [ 1 28 98 67 24 79 57 13 31 91]
Round  16, Average loss 1.090
Training accuracy: 54.00
Testing accuracy: 49.00
chosen workers [31 14 29 25 49 85  7 95 18 51]
Round  17, Average loss 1.062
Training accuracy: 54.00
Testing accuracy: 49.00
chosen workers [49 59 78 81 28 19 53 57 48  9]
Round  18, Average loss 0.960
Training accuracy: 56.00
Testing accuracy: 49.00
chosen workers [16 18 59 10 32 41 74 98  1 21]
Round  19, Average loss 0.888
Training accuracy: 56.00
Testing accuracy: 50.00
Files already downloaded and verified
Files already downloaded and verified
Sampled IID workers
CNNCifar(
  (conv1): Conv2d(3, 6, kernel_size=(5, 5), stride=(1, 1))
  (pool): MaxPool2d(kernel_size=2, stride=2, padding=0, dilation=1, ceil_mode=False)
  (conv2): Conv2d(6, 16, kernel_size=(5, 5), stride=(1, 1))
  (fc1): Linear(in_features=400, out_features=120, bias=True)
  (fc2): Linear(in_features=120, out_features=84, bias=True)
  (fc3): Linear(in_features=84, out_features=10, bias=True)
)
chosen workers [15 67 33 61 95 24 25 72 70 38]
Round   0, Average loss 2.298
Training accuracy: 10.00
Testing accuracy: 10.00
chosen workers [28 67 17 10  7  8 50 32 89 13]
Round   1, Average loss 2.291
Training accuracy: 12.00
Testing accuracy: 12.00
chosen workers [86 30 66 33 23 61 48 11  2 58]
Round   2, Average loss 2.225
Training accuracy: 24.00
Testing accuracy: 23.00
chosen workers [86 88 54 27 82 87 94  0  9 14]
Round   3, Average loss 2.064
Training accuracy: 28.00
Testing accuracy: 28.00
chosen workers [95  5 70 73 78 27 42 74 90 40]
Round   4, Average loss 1.961
Training accuracy: 31.00
Testing accuracy: 31.00
chosen workers [66 59  8 48 60 90 83 28 37 21]
Round   5, Average loss 1.864
Training accuracy: 34.00
Testing accuracy: 35.00
chosen workers [14 77 93 19 37 96 18 78 97 72]
Round   6, Average loss 1.755
Training accuracy: 38.00
Testing accuracy: 37.00
chosen workers [63 56 50 99 35 90 59 88 78 44]
Round   7, Average loss 1.656
Training accuracy: 40.00
Testing accuracy: 40.00
chosen workers [20 92 67  5 36  7 26 43 93 57]
Round   8, Average loss 1.574
Training accuracy: 43.00
Testing accuracy: 41.00
chosen workers [43 97 30 58 33 98 31  0 41 93]
Round   9, Average loss 1.490
Training accuracy: 45.00
Testing accuracy: 42.00
chosen workers [81 95 11 16 68  7 37 73 80  6]
Round  10, Average loss 1.411
Training accuracy: 47.00
Testing accuracy: 44.00
chosen workers [ 8 39 85 72 25 93 65 73 46  5]
Round  11, Average loss 1.366
Training accuracy: 47.00
Testing accuracy: 44.00
chosen workers [29 89  2 15  3 93 25 53 97 79]
Round  12, Average loss 1.288
Training accuracy: 49.00
Testing accuracy: 46.00
chosen workers [51  3 35 79 80 34 49 82 27 48]
Round  13, Average loss 1.207
Training accuracy: 51.00
Testing accuracy: 47.00
chosen workers [42 10 38 43 50 73 98 57 48  7]
Round  14, Average loss 1.136
Training accuracy: 52.00
Testing accuracy: 47.00
chosen workers [77 63 98 73 62 74 24 81 67 17]
Round  15, Average loss 1.053
Training accuracy: 52.00
Testing accuracy: 48.00
chosen workers [85 50  5 36 49 70 77 19 48 32]
Round  16, Average loss 0.999
Training accuracy: 54.00
Testing accuracy: 49.00
chosen workers [67 44 13 29  6 53 91 73 34 62]
Round  17, Average loss 0.916
Training accuracy: 55.00
Testing accuracy: 50.00
chosen workers [42 41 17 10  2 68 51 43 95 77]
Round  18, Average loss 0.821
Training accuracy: 57.00
Testing accuracy: 49.00
chosen workers [46 35 92 39  9 25 15 42 81 21]
Round  19, Average loss 0.808
Training accuracy: 57.00
Testing accuracy: 50.00
chosen workers [48 25 66 83 18  4 42  3 57 82]
Round  20, Average loss 0.774
Training accuracy: 56.00
Testing accuracy: 50.00
chosen workers [40 74 26 77 10 67  1 30 94 41]
Round  21, Average loss 0.729
Training accuracy: 59.00
Testing accuracy: 50.00
chosen workers [80 18 53 14 12  3 28 89 11 61]
Round  22, Average loss 0.720
Training accuracy: 58.00
Testing accuracy: 51.00
chosen workers [19  8  7 82 71 89 85 20 62 38]
Round  23, Average loss 0.727
Training accuracy: 58.00
Testing accuracy: 51.00
chosen workers [33 54 63  2 84  4 10 76 42 37]
Round  24, Average loss 0.670
Training accuracy: 59.00
Testing accuracy: 51.00
chosen workers [47 15 62 94 81 55 17 80 12  2]
Round  25, Average loss 0.599
Training accuracy: 61.00
Testing accuracy: 52.00
chosen workers [75 58 14 85 76 73  8 33 89 95]
Round  26, Average loss 0.645
Training accuracy: 60.00
Testing accuracy: 51.00
chosen workers [47  4 76 12 43 20 57 85 95 51]
Round  27, Average loss 0.569
Training accuracy: 61.00
Testing accuracy: 51.00
chosen workers [93 13  4 41 95 48 97  5 28 71]
Round  28, Average loss 0.592
Training accuracy: 61.00
Testing accuracy: 51.00
chosen workers [ 7 77 75 25 83 24 71 72 33 26]
Round  29, Average loss 0.611
Training accuracy: 61.00
Testing accuracy: 51.00
chosen workers [96 50 35 82 28 34 30  0 33 29]
Round  30, Average loss 0.611
Training accuracy: 61.00
Testing accuracy: 52.00
chosen workers [52 81 95 60 99  5 91 22 47 25]
Round  31, Average loss 0.580
Training accuracy: 60.00
Testing accuracy: 52.00
chosen workers [ 7 52 59  5 41 81 33 98 28 75]
Round  32, Average loss 0.516
Training accuracy: 65.00
Testing accuracy: 51.00
chosen workers [25 47 38 90 10 13 46 48 72 98]
Round  33, Average loss 0.568
Training accuracy: 62.00
Testing accuracy: 51.00
chosen workers [37 22 79 77 40 54 96 15 43 63]
Round  34, Average loss 0.585
Training accuracy: 63.00
Testing accuracy: 52.00
chosen workers [82 10 44 65 55 58 51 24 96 66]
Round  35, Average loss 0.563
Training accuracy: 61.00
Testing accuracy: 52.00
chosen workers [71 53 98 87 75 78 93 58 20 39]
Round  36, Average loss 0.562
Training accuracy: 62.00
Testing accuracy: 52.00
chosen workers [14 12 94 77 33 67 48 32 54 17]
Round  37, Average loss 0.514
Training accuracy: 64.00
Testing accuracy: 53.00
chosen workers [ 5 45 21 88 52 20 60 98 77 73]
Round  38, Average loss 0.550
Training accuracy: 63.00
Testing accuracy: 52.00
chosen workers [89 21  4 96 69 80 30 12 95 39]
Round  39, Average loss 0.492
Training accuracy: 65.00
Testing accuracy: 53.00
chosen workers [21 40 15  6 26 88 95 84 57 16]
Round  40, Average loss 0.526
Training accuracy: 63.00
Testing accuracy: 53.00
chosen workers [41  0 12 96 38 51 11 18  9 53]
Round  41, Average loss 0.498
Training accuracy: 64.00
Testing accuracy: 53.00
chosen workers [97 68 67 32 73 72 57 49 75 41]
Round  42, Average loss 0.537
Training accuracy: 64.00
Testing accuracy: 53.00
chosen workers [19 82 36  0  7 68 61 83 77 49]
Round  43, Average loss 0.524
Training accuracy: 64.00
Testing accuracy: 53.00
chosen workers [82 81 99  2 52 85 38  8 28 49]
Round  44, Average loss 0.487
Training accuracy: 64.00
Testing accuracy: 53.00
chosen workers [18 86 22 89 64 50 95 81 75 48]
Round  45, Average loss 0.488
Training accuracy: 66.00
Testing accuracy: 53.00
chosen workers [15 26 21 70 25 57 83 56 94 42]
Round  46, Average loss 0.502
Training accuracy: 65.00
Testing accuracy: 53.00
chosen workers [72 91 84 40 52 13 53  2  6 20]
Round  47, Average loss 0.496
Training accuracy: 65.00
Testing accuracy: 53.00
chosen workers [71 41 19 45 40 20 55 51 86  7]
Round  48, Average loss 0.473
Training accuracy: 66.00
Testing accuracy: 53.00
chosen workers [69 35 80 77 63 82 19 91 10 56]
Round  49, Average loss 0.490
Training accuracy: 66.00
Testing accuracy: 53.00
chosen workers [ 8 75 96 74 17 16 38 93 23 84]
Round  50, Average loss 0.513
Training accuracy: 65.00
Testing accuracy: 53.00
chosen workers [35 16 85 58 32 70 52 53 37 27]
Round  51, Average loss 0.512
Training accuracy: 63.00
Testing accuracy: 53.00
chosen workers [ 5 17 66 13 58 70 83  6 27 61]
Round  52, Average loss 0.488
Training accuracy: 64.00
Testing accuracy: 53.00
chosen workers [70 82 10 39 11 73 17 40 56 65]
Round  53, Average loss 0.463
Training accuracy: 67.00
Testing accuracy: 54.00
chosen workers [96  3  6 13 56 65  5 37 84 95]
Round  54, Average loss 0.440
Training accuracy: 67.00
Testing accuracy: 53.00
chosen workers [91 42 63 85 70 24 61 69 22 55]
Round  55, Average loss 0.473
Training accuracy: 67.00
Testing accuracy: 53.00
chosen workers [61 33 94 39 73 67 34 32  5  0]
Round  56, Average loss 0.444
Training accuracy: 68.00
Testing accuracy: 54.00
chosen workers [32 36 70 87 67 29 41 19 40  9]
Round  57, Average loss 0.472
Training accuracy: 66.00
Testing accuracy: 54.00
chosen workers [79 57 51  0 18 11 87 54 62 38]
Round  58, Average loss 0.485
Training accuracy: 66.00
Testing accuracy: 53.00
chosen workers [96 23 31 35 69 37 22 83 41 45]
Round  59, Average loss 0.451
Training accuracy: 66.00
Testing accuracy: 54.00
chosen workers [28 25 92 67 68 17 30 78 33 65]
Round  60, Average loss 0.470
Training accuracy: 67.00
Testing accuracy: 54.00
chosen workers [90 23 55 59 78 16 40 43 84 62]
Round  61, Average loss 0.483
Training accuracy: 66.00
Testing accuracy: 54.00
chosen workers [38 89 53 16 48 99 20 25 82 24]
Round  62, Average loss 0.454
Training accuracy: 67.00
Testing accuracy: 54.00
chosen workers [67 64 99  0 40 48 69 29 87 31]
Round  63, Average loss 0.444
Training accuracy: 68.00
Testing accuracy: 54.00
chosen workers [58 39 30  1 82  9 20 52 63 91]
Round  64, Average loss 0.432
Training accuracy: 67.00
Testing accuracy: 54.00
chosen workers [55 80 77 98 70 28 49 84 24 39]
Round  65, Average loss 0.419
Training accuracy: 69.00
Testing accuracy: 54.00
chosen workers [43 47  3 58 49 50 82 96 71  0]
Round  66, Average loss 0.424
Training accuracy: 69.00
Testing accuracy: 54.00
chosen workers [85 68  2 94 13 60  3  0 38 44]
Round  67, Average loss 0.459
Training accuracy: 67.00
Testing accuracy: 54.00
chosen workers [87 28 40 13 53 49 39 37 75 51]
Round  68, Average loss 0.374
Training accuracy: 71.00
Testing accuracy: 54.00
chosen workers [16 26 21 54 81  1 95 32 82  0]
Round  69, Average loss 0.399
Training accuracy: 69.00
Testing accuracy: 54.00
chosen workers [18 96 99 57  9 74 28 23 81 50]
Round  70, Average loss 0.434
Training accuracy: 69.00
Testing accuracy: 54.00
chosen workers [24 13 56 48 50 36 99 66 54  0]
Round  71, Average loss 0.414
Training accuracy: 68.00
Testing accuracy: 54.00
chosen workers [85 68 92 84 91 11 61 71 46 49]
Round  72, Average loss 0.455
Training accuracy: 67.00
Testing accuracy: 54.00
chosen workers [49  5 41 76 72 35 28 48 31 74]
Round  73, Average loss 0.410
Training accuracy: 70.00
Testing accuracy: 54.00
chosen workers [ 6 10 46 71 28 95 22 67  7 32]
Round  74, Average loss 0.394
Training accuracy: 70.00
Testing accuracy: 54.00
chosen workers [37 59 19 22 38 46 23 97 39 63]
Round  75, Average loss 0.427
Training accuracy: 68.00
Testing accuracy: 54.00
chosen workers [54 61 20  5 71 63  1 39 13 69]
Round  76, Average loss 0.357
Training accuracy: 72.00
Testing accuracy: 54.00
chosen workers [75 34 32 49  1 11 21 64 68 78]
Round  77, Average loss 0.412
Training accuracy: 69.00
Testing accuracy: 54.00
chosen workers [95 43 30 37 28 96 13 93 92 69]
Round  78, Average loss 0.361
Training accuracy: 73.00
Testing accuracy: 53.00
chosen workers [79 94 49 81 60 68 22 58 93 61]
Round  79, Average loss 0.386
Training accuracy: 71.00
Testing accuracy: 54.00
chosen workers [74 44 84 93 62 58 24 87 63 39]
Round  80, Average loss 0.395
Training accuracy: 70.00
Testing accuracy: 54.00
chosen workers [10 26 36 52 35 12 50 71 88 61]
Round  81, Average loss 0.440
Training accuracy: 67.00
Testing accuracy: 54.00
chosen workers [60 15 52 48 57 99 94  8 88 67]
Round  82, Average loss 0.413
Training accuracy: 69.00
Testing accuracy: 54.00
chosen workers [45 62 87 15 22 31 79  0 88  4]
Round  83, Average loss 0.412
Training accuracy: 69.00
Testing accuracy: 54.00
chosen workers [ 5  2 70 51 89 54 72 49 43 14]
Round  84, Average loss 0.409
Training accuracy: 70.00
Testing accuracy: 54.00
chosen workers [14  3  4 36 83 24 98 57 97 59]
Round  85, Average loss 0.441
Training accuracy: 67.00
Testing accuracy: 54.00
chosen workers [22 89  9 67 73 78  5 12 15 16]
Round  86, Average loss 0.370
Training accuracy: 70.00
Testing accuracy: 54.00
chosen workers [12 63 49 79 18 11 83 52 13 27]
Round  87, Average loss 0.375
Training accuracy: 71.00
Testing accuracy: 54.00
chosen workers [45 49 42  8 60 95  9  2 36  6]
Round  88, Average loss 0.389
Training accuracy: 70.00
Testing accuracy: 55.00
chosen workers [ 1 97 34 45 52 89 98 24 93 18]
Round  89, Average loss 0.365
Training accuracy: 72.00
Testing accuracy: 55.00
chosen workers [47 13 20 49 50 17  5 73 39 84]
Round  90, Average loss 0.352
Training accuracy: 73.00
Testing accuracy: 54.00
chosen workers [69 72 67 95 46 17 43 30 79 48]
Round  91, Average loss 0.370
Training accuracy: 72.00
Testing accuracy: 54.00
chosen workers [73 13 82 15 10 91 76 89 28 45]
Round  92, Average loss 0.350
Training accuracy: 72.00
Testing accuracy: 54.00
chosen workers [43 67 79 96 86 70 61 12  5 71]
Round  93, Average loss 0.330
Training accuracy: 74.00
Testing accuracy: 54.00
chosen workers [ 0 69 27  8 72 24 58 77 28  3]
Round  94, Average loss 0.373
Training accuracy: 71.00
Testing accuracy: 54.00
chosen workers [32 99 16 17 82 41 70 86 36 83]
Round  95, Average loss 0.381
Training accuracy: 71.00
Testing accuracy: 55.00
chosen workers [66 10 68 75 17 73 35 78 69 98]
Round  96, Average loss 0.378
Training accuracy: 72.00
Testing accuracy: 54.00
chosen workers [24 84 85 86 39 73 18 14 50 12]
Round  97, Average loss 0.341
Training accuracy: 72.00
Testing accuracy: 54.00
chosen workers [58 93 72 82  2 89 62  5 36 78]
Round  98, Average loss 0.338
Training accuracy: 73.00
Testing accuracy: 55.00
chosen workers [ 8 95 44 90 87 46 30 16 41 94]
Round  99, Average loss 0.404
Training accuracy: 70.00
Testing accuracy: 55.00
chosen workers [35 49 39 36 76 74 19 17  6 82]
Round 100, Average loss 0.335
Training accuracy: 73.00
Testing accuracy: 55.00
chosen workers [55 78 94 96 77 74 69 82 66 81]
Round 101, Average loss 0.344
Training accuracy: 73.00
Testing accuracy: 55.00
chosen workers [ 8 66 84 99 98 20 31 73 13  6]
Round 102, Average loss 0.361
Training accuracy: 72.00
Testing accuracy: 55.00
chosen workers [18 38  4 20 36  1  2 59 67 64]
Round 103, Average loss 0.374
Training accuracy: 71.00
Testing accuracy: 55.00
chosen workers [81  2 37 12 36  5 32 52 92 11]
Round 104, Average loss 0.339
Training accuracy: 73.00
Testing accuracy: 55.00
chosen workers [62 80 11 95 27 74 12 57  3 87]
Round 105, Average loss 0.370
Training accuracy: 71.00
Testing accuracy: 54.00
chosen workers [82 37 17 72 65 27 74 14 90 19]
Round 106, Average loss 0.354
Training accuracy: 72.00
Testing accuracy: 55.00
chosen workers [63 90 61 27 99  3 35 11 37 50]
Round 107, Average loss 0.335
Training accuracy: 72.00
Testing accuracy: 54.00
chosen workers [11 67 37 19  7 65 30 23 61 39]
Round 108, Average loss 0.326
Training accuracy: 73.00
Testing accuracy: 54.00
chosen workers [98 10 31 77 22 72 87 41  6 85]
Round 109, Average loss 0.364
Training accuracy: 71.00
Testing accuracy: 54.00
chosen workers [21 13 17 76 81 70 54 99  5 89]
Round 110, Average loss 0.336
Training accuracy: 74.00
Testing accuracy: 54.00
chosen workers [45 90 57 31 21 59 77 52 39 92]
Round 111, Average loss 0.349
Training accuracy: 72.00
Testing accuracy: 54.00
chosen workers [44 78 50 75 55 74 99 43 53 94]
Round 112, Average loss 0.367
Training accuracy: 71.00
Testing accuracy: 54.00
chosen workers [69 56 97 85 87  5  7 46 40 58]
Round 113, Average loss 0.374
Training accuracy: 71.00
Testing accuracy: 55.00
chosen workers [69 18  9 75 58 17 64 79 94 60]
Round 114, Average loss 0.349
Training accuracy: 73.00
Testing accuracy: 55.00
chosen workers [22 16 57 11 26 28 89 97 96 73]
Round 115, Average loss 0.322
Training accuracy: 74.00
Testing accuracy: 55.00
chosen workers [88 18 43 16 17 33 90 94 82 53]
Round 116, Average loss 0.325
Training accuracy: 74.00
Testing accuracy: 55.00
chosen workers [66 83 33 36 69 20 43  0 77 79]
Round 117, Average loss 0.338
Training accuracy: 74.00
Testing accuracy: 54.00
chosen workers [65 32 58 27 40 61 63 26  4 13]
Round 118, Average loss 0.345
Training accuracy: 73.00
Testing accuracy: 55.00
chosen workers [77 71 95 92 51 79 74 27 43 75]
Round 119, Average loss 0.317
Training accuracy: 74.00
Testing accuracy: 54.00
chosen workers [ 6 21 40 48 45 98 81 70 87 52]
Round 120, Average loss 0.335
Training accuracy: 73.00
Testing accuracy: 54.00
chosen workers [88 94 79 31 21 65 14 72 51 11]
Round 121, Average loss 0.326
Training accuracy: 73.00
Testing accuracy: 54.00
chosen workers [35 96 36 29 32 20 84 50 93 49]
Round 122, Average loss 0.346
Training accuracy: 73.00
Testing accuracy: 55.00
chosen workers [66 99 20 95 32 15 52  1 59 57]
Round 123, Average loss 0.325
Training accuracy: 73.00
Testing accuracy: 55.00
chosen workers [59 40 41 56 99 85 84 24 45 46]
Round 124, Average loss 0.334
Training accuracy: 72.00
Testing accuracy: 55.00
chosen workers [69 14 37 96 68 51  5 72 38 41]
Round 125, Average loss 0.312
Training accuracy: 75.00
Testing accuracy: 55.00
chosen workers [38  8  7 44  3 98 76 17 95 41]
Round 126, Average loss 0.336
Training accuracy: 73.00
Testing accuracy: 55.00
chosen workers [30 74 42 67 75 13 48  8 80 79]
Round 127, Average loss 0.333
Training accuracy: 74.00
Testing accuracy: 54.00
chosen workers [28  9 60 11  8 81 13 42 27 54]
Round 128, Average loss 0.322
Training accuracy: 74.00
Testing accuracy: 54.00
chosen workers [76 55 12 47 15 85 98 42 81 16]
Round 129, Average loss 0.347
Training accuracy: 73.00
Testing accuracy: 55.00
chosen workers [28 17 73 52 78 45 43 58 10  6]
Round 130, Average loss 0.306
Training accuracy: 76.00
Testing accuracy: 54.00
chosen workers [36 68 41 40 82 37  2 78 84 69]
Round 131, Average loss 0.290
Training accuracy: 76.00
Testing accuracy: 55.00
chosen workers [11 17 27 79 24 42 74 33 44 81]
Round 132, Average loss 0.284
Training accuracy: 76.00
Testing accuracy: 54.00
chosen workers [17  9 71 28 61 88 33  5 75 70]
Round 133, Average loss 0.302
Training accuracy: 76.00
Testing accuracy: 55.00
chosen workers [84 47 11 71 89 97 94 59 79 15]
Round 134, Average loss 0.301
Training accuracy: 75.00
Testing accuracy: 54.00
chosen workers [ 8 68 33 99 22 97 93  5 21  7]
Round 135, Average loss 0.313
Training accuracy: 74.00
Testing accuracy: 55.00
chosen workers [18 10 76 51 63 28 61 90 16  1]
Round 136, Average loss 0.329
Training accuracy: 73.00
Testing accuracy: 55.00
chosen workers [55 34 74 90 60 46 45 14 40  7]
Round 137, Average loss 0.328
Training accuracy: 73.00
Testing accuracy: 55.00
chosen workers [84 72 42 99 66 56 27 14 96 89]
Round 138, Average loss 0.293
Training accuracy: 75.00
Testing accuracy: 54.00
chosen workers [49  4 54 87  5 13 59 95 60 44]
Round 139, Average loss 0.297
Training accuracy: 76.00
Testing accuracy: 55.00
chosen workers [56 26 54  7 90 86 68 62 42 46]
Round 140, Average loss 0.345
Training accuracy: 72.00
Testing accuracy: 54.00
chosen workers [20 48 11 82 76 79 55 49 50 65]
Round 141, Average loss 0.298
Training accuracy: 75.00
Testing accuracy: 54.00
chosen workers [93 65 94 70 34 26  6 27 78  4]
Round 142, Average loss 0.319
Training accuracy: 74.00
Testing accuracy: 55.00
chosen workers [12 24 70  6 66 62 88 38 33 74]
Round 143, Average loss 0.322
Training accuracy: 73.00
Testing accuracy: 55.00
chosen workers [ 6 94 43 76 38 86  1 10 14 40]
Round 144, Average loss 0.299
Training accuracy: 75.00
Testing accuracy: 55.00
chosen workers [38 94 86 73 31 54 77  0 60 11]
Round 145, Average loss 0.297
Training accuracy: 76.00
Testing accuracy: 54.00
chosen workers [23 91 89 37 28 59 26 72 10 49]
Round 146, Average loss 0.319
Training accuracy: 74.00
Testing accuracy: 54.00
chosen workers [21 97 51  9 36 68 52 89 31 41]
Round 147, Average loss 0.304
Training accuracy: 74.00
Testing accuracy: 55.00
chosen workers [27 87 66 12 70 15 74 85 62 17]
Round 148, Average loss 0.302
Training accuracy: 75.00
Testing accuracy: 54.00
chosen workers [ 3 96 84 33 73 59 46 76 93 62]
Round 149, Average loss 0.287
Training accuracy: 75.00
Testing accuracy: 55.00
chosen workers [26 59 58 38 29 15 73 16 18 86]
Round 150, Average loss 0.309
Training accuracy: 74.00
Testing accuracy: 55.00
chosen workers [91 51 58 44 65 42 56  3 26 89]
Round 151, Average loss 0.310
Training accuracy: 75.00
Testing accuracy: 55.00
chosen workers [ 2 61 23 93 57 30 60 12 37 54]
Round 152, Average loss 0.327
Training accuracy: 74.00
Testing accuracy: 55.00
chosen workers [33 62 69 75 17 68 37 74 56 13]
Round 153, Average loss 0.265
Training accuracy: 78.00
Testing accuracy: 54.00
chosen workers [11 12 32 76 35  0 88 21 90 40]
Round 154, Average loss 0.315
Training accuracy: 74.00
Testing accuracy: 55.00
chosen workers [56  6  5 96 63 74 44 69 61 64]
Round 155, Average loss 0.283
Training accuracy: 77.00
Testing accuracy: 54.00
chosen workers [59 53 60 48 47 99 21 63 81 68]
Round 156, Average loss 0.309
Training accuracy: 74.00
Testing accuracy: 55.00
chosen workers [16 94 60 25 62  2 91 14 42 48]
Round 157, Average loss 0.298
Training accuracy: 76.00
Testing accuracy: 55.00
chosen workers [13 19 35 78 62 92 65 70 61 91]
Round 158, Average loss 0.298
Training accuracy: 76.00
Testing accuracy: 55.00
chosen workers [ 7  5 25 47 77 21 63 28  3 13]
Round 159, Average loss 0.291
Training accuracy: 76.00
Testing accuracy: 55.00
chosen workers [ 3  5 89 79 44 67 13 87 37 40]
Round 160, Average loss 0.253
Training accuracy: 78.00
Testing accuracy: 54.00
chosen workers [87  9 86 92 72 45 34 12 57  7]
Round 161, Average loss 0.311
Training accuracy: 74.00
Testing accuracy: 55.00
chosen workers [80 14 52 70 84 57 47 25 15 79]
Round 162, Average loss 0.295
Training accuracy: 76.00
Testing accuracy: 55.00
chosen workers [31 90 56  1 40 22 65 95 57 33]
Round 163, Average loss 0.291
Training accuracy: 76.00
Testing accuracy: 55.00
chosen workers [70 89 34 33 17 44 81 19 88 78]
Round 164, Average loss 0.275
Training accuracy: 78.00
Testing accuracy: 55.00
chosen workers [97 82 13 81 79 87 19 58  6 88]
Round 165, Average loss 0.265
Training accuracy: 78.00
Testing accuracy: 55.00
chosen workers [28 54 69 37 60 40 73 27 92 45]
Round 166, Average loss 0.264
Training accuracy: 78.00
Testing accuracy: 55.00
chosen workers [32  0 50 19 73 96 88 14  7 72]
Round 167, Average loss 0.284
Training accuracy: 75.00
Testing accuracy: 54.00
chosen workers [67 28 40  9 12 85 51 10 19 99]
Round 168, Average loss 0.275
Training accuracy: 76.00
Testing accuracy: 55.00
chosen workers [95 30 84 75 56 93 67 35 50 51]
Round 169, Average loss 0.282
Training accuracy: 74.00
Testing accuracy: 55.00
chosen workers [65 19 66 74 99 24  9 90  8 12]
Round 170, Average loss 0.273
Training accuracy: 77.00
Testing accuracy: 55.00
chosen workers [98 20  1 86 77 17 25 78 73 19]
Round 171, Average loss 0.294
Training accuracy: 77.00
Testing accuracy: 55.00
chosen workers [61 46 24 58 19 98 11 72 96  0]
Round 172, Average loss 0.250
Training accuracy: 80.00
Testing accuracy: 54.00
chosen workers [ 2 85 91 72  3 19 21 66 80 49]
Round 173, Average loss 0.290
Training accuracy: 76.00
Testing accuracy: 55.00
chosen workers [31 80 77 70 53 60 15 32 75 55]
Round 174, Average loss 0.310
Training accuracy: 75.00
Testing accuracy: 55.00
chosen workers [47 45 89 16 48 90  6 53 42 61]
Round 175, Average loss 0.291
Training accuracy: 77.00
Testing accuracy: 55.00
chosen workers [25  7 68 30 22 69 46 86  2 83]
Round 176, Average loss 0.315
Training accuracy: 74.00
Testing accuracy: 55.00
chosen workers [37  8 22 12 77  9 53 27 90 52]
Round 177, Average loss 0.261
Training accuracy: 77.00
Testing accuracy: 55.00
chosen workers [98 90 88 30 55 74  4 71 34 42]
Round 178, Average loss 0.297
Training accuracy: 76.00
Testing accuracy: 55.00
chosen workers [78 19 91 15 43 58 89 29 47 21]
Round 179, Average loss 0.281
Training accuracy: 77.00
Testing accuracy: 56.00
chosen workers [18 51 78  6 83 58 85 64 26 96]
Round 180, Average loss 0.299
Training accuracy: 76.00
Testing accuracy: 55.00
chosen workers [89 32 70 65 88 74 20 81 64 77]
Round 181, Average loss 0.255
Training accuracy: 79.00
Testing accuracy: 55.00
chosen workers [33 19 28 90 25 44 93 84  6 51]
Round 182, Average loss 0.248
Training accuracy: 80.00
Testing accuracy: 55.00
chosen workers [62 32 35 75 48 82 68 26 44 80]
Round 183, Average loss 0.295
Training accuracy: 76.00
Testing accuracy: 55.00
chosen workers [82 49 23 52 22 74 90 25 61 66]
Round 184, Average loss 0.264
Training accuracy: 79.00
Testing accuracy: 55.00
chosen workers [22 21 47 65 84 86 74 44 16 79]
Round 185, Average loss 0.235
Training accuracy: 80.00
Testing accuracy: 55.00
chosen workers [21 22 93 10  1 33  7 68 30 35]
Round 186, Average loss 0.265
Training accuracy: 78.00
Testing accuracy: 55.00
chosen workers [ 5 78 18 37 90 17 35 38 82 65]
Round 187, Average loss 0.238
Training accuracy: 80.00
Testing accuracy: 54.00
chosen workers [81 68 37 38 72 54 22 47  3 27]
Round 188, Average loss 0.244
Training accuracy: 79.00
Testing accuracy: 55.00
chosen workers [70 25 10 30 39 56 38 97 27 94]
Round 189, Average loss 0.280
Training accuracy: 76.00
Testing accuracy: 55.00
chosen workers [63 33 93 62  0 57 78  8 64 54]
Round 190, Average loss 0.283
Training accuracy: 76.00
Testing accuracy: 54.00
chosen workers [ 0 77 57 97 92 76 93 31 35 99]
Round 191, Average loss 0.283
Training accuracy: 77.00
Testing accuracy: 55.00
chosen workers [62 82 44 85 16 23 59 48 94 64]
Round 192, Average loss 0.286
Training accuracy: 77.00
Testing accuracy: 55.00
chosen workers [76  1  3 34 81 27 92 77 32 64]
Round 193, Average loss 0.263
Training accuracy: 78.00
Testing accuracy: 55.00
chosen workers [81  2 48 34 98 83 40 21 46 82]
Round 194, Average loss 0.253
Training accuracy: 79.00
Testing accuracy: 55.00
chosen workers [95 69 82  5 29 41 30 84 68 80]
Round 195, Average loss 0.277
Training accuracy: 77.00
Testing accuracy: 55.00
chosen workers [52 41 15  0 71 59 54 43 62 87]
Round 196, Average loss 0.272
Training accuracy: 76.00
Testing accuracy: 54.00
chosen workers [52 76 73 44 20 65 29 28 23  9]
Round 197, Average loss 0.287
Training accuracy: 77.00
Testing accuracy: 54.00
chosen workers [ 4 22 97 38 87 31 37 43 83 77]
Round 198, Average loss 0.259
Training accuracy: 78.00
Testing accuracy: 55.00
chosen workers [65 47 46  6 91 90 71 73 15 95]
Round 199, Average loss 0.256
Training accuracy: 78.00
Testing accuracy: 55.00
chosen workers [58  0 91 21 36 68 33 82 65 30]
Round 200, Average loss 0.218
Training accuracy: 80.00
Testing accuracy: 55.00
chosen workers [30 38  1 37 72 25  3 80 55 64]
Round 201, Average loss 0.259
Training accuracy: 78.00
Testing accuracy: 55.00
chosen workers [61 63 70 77 85 67 55 50 59 93]
Round 202, Average loss 0.272
Training accuracy: 77.00
Testing accuracy: 54.00
chosen workers [15 16  6 54 88 59 35 41 92 55]
Round 203, Average loss 0.246
Training accuracy: 78.00
Testing accuracy: 55.00
chosen workers [13 53 10 26 21 68 20 35 95 14]
Round 204, Average loss 0.257
Training accuracy: 78.00
Testing accuracy: 55.00
chosen workers [78 45  3 50 64 87 32 88  5 74]
Round 205, Average loss 0.265
Training accuracy: 77.00
Testing accuracy: 55.00
chosen workers [33 39 66  9 47 34 51 69 10 96]
Round 206, Average loss 0.275
Training accuracy: 76.00
Testing accuracy: 55.00
chosen workers [65 32 99 78 69 83 33 38 95 74]
Round 207, Average loss 0.206
Training accuracy: 81.00
Testing accuracy: 55.00
chosen workers [33 77 14 41 82 50 72 36 95 63]
Round 208, Average loss 0.220
Training accuracy: 81.00
Testing accuracy: 55.00
chosen workers [80 22 54 98 41 79 31  6 97 21]
Round 209, Average loss 0.249
Training accuracy: 79.00
Testing accuracy: 55.00
chosen workers [81 29 65 98 51 88 79 40 12 67]
Round 210, Average loss 0.267
Training accuracy: 77.00
Testing accuracy: 55.00
chosen workers [48 33 51 16 45 99  5 68 54 13]
Round 211, Average loss 0.217
Training accuracy: 81.00
Testing accuracy: 55.00
chosen workers [48 24 56 93 51 11 39  4 49 10]
Round 212, Average loss 0.276
Training accuracy: 76.00
Testing accuracy: 55.00
chosen workers [17 38 32 45 76 92 99 79 41 50]
Round 213, Average loss 0.235
Training accuracy: 79.00
Testing accuracy: 55.00
chosen workers [12 54 86 76 44 36 18 85 81 14]
Round 214, Average loss 0.264
Training accuracy: 77.00
Testing accuracy: 55.00
chosen workers [66 98 54 36  9 89 70 93 28 38]
Round 215, Average loss 0.226
Training accuracy: 80.00
Testing accuracy: 55.00
chosen workers [42 62 40 84 90  2  1 99 18 15]
Round 216, Average loss 0.269
Training accuracy: 78.00
Testing accuracy: 55.00
chosen workers [35 38 37 11  2 75 42 66 40 91]
Round 217, Average loss 0.250
Training accuracy: 78.00
Testing accuracy: 55.00
chosen workers [77 75 65 43 72  1  8 31 34 80]
Round 218, Average loss 0.250
Training accuracy: 79.00
Testing accuracy: 55.00
chosen workers [56 78 24 46 16 83 67  7 85 69]
Round 219, Average loss 0.279
Training accuracy: 77.00
Testing accuracy: 55.00
chosen workers [40 10 98 49 61 48 77 14 60 74]
Round 220, Average loss 0.227
Training accuracy: 82.00
Testing accuracy: 55.00
chosen workers [57 46  2 75 59 17 31 27 26 61]
Round 221, Average loss 0.252
Training accuracy: 79.00
Testing accuracy: 55.00
chosen workers [19 18 54 33 14 36 51 52 25 12]
Round 222, Average loss 0.236
Training accuracy: 79.00
Testing accuracy: 55.00
chosen workers [12 28 76 41 66 73  7 33 69 13]
Round 223, Average loss 0.215
Training accuracy: 81.00
Testing accuracy: 55.00
chosen workers [83 56 26 17 55  8 29 93 57 73]
Round 224, Average loss 0.273
Training accuracy: 77.00
Testing accuracy: 55.00
chosen workers [90  5 64 88 34  2 67 82 37  1]
Round 225, Average loss 0.237
Training accuracy: 80.00
Testing accuracy: 55.00
chosen workers [40 79 74 16 30 72 13 85 21 64]
Round 226, Average loss 0.215
Training accuracy: 80.00
Testing accuracy: 54.00
chosen workers [77 17 10  1 23 45 25 98 46 39]
Round 227, Average loss 0.248
Training accuracy: 80.00
Testing accuracy: 54.00
chosen workers [10  5  9 51 77 26 98 86 49  4]
Round 228, Average loss 0.222
Training accuracy: 81.00
Testing accuracy: 55.00
chosen workers [33 65 81 49  0 29 75 74  3 82]
Round 229, Average loss 0.219
Training accuracy: 82.00
Testing accuracy: 55.00
chosen workers [47 42 29 58 15 76 48 74 98 14]
Round 230, Average loss 0.240
Training accuracy: 81.00
Testing accuracy: 55.00
chosen workers [37 42 33  9  2 70 97 47 17 50]
Round 231, Average loss 0.223
Training accuracy: 81.00
Testing accuracy: 55.00
chosen workers [67 81 46 40 52 75 10 49 23 77]
Round 232, Average loss 0.215
Training accuracy: 82.00
Testing accuracy: 55.00
chosen workers [45 63 22 71 29 12 70 30 84 39]
Round 233, Average loss 0.283
Training accuracy: 77.00
Testing accuracy: 54.00
chosen workers [14 53 13 18 58 21 64 78 83 85]
Round 234, Average loss 0.254
Training accuracy: 79.00
Testing accuracy: 55.00
chosen workers [79 32 43 96 74 15 23 98 81 93]
Round 235, Average loss 0.214
Training accuracy: 81.00
Testing accuracy: 55.00
chosen workers [ 5 11 17 54 15 65 95  7 90 31]
Round 236, Average loss 0.222
Training accuracy: 81.00
Testing accuracy: 55.00
chosen workers [44 14  2 97 12 15 41 91 51  9]
Round 237, Average loss 0.220
Training accuracy: 80.00
Testing accuracy: 55.00
chosen workers [89 96 18 41  9 13 95 26 52 47]
Round 238, Average loss 0.216
Training accuracy: 82.00
Testing accuracy: 55.00
chosen workers [ 8 50 17 90 24 80 86 89 41 62]
Round 239, Average loss 0.254
Training accuracy: 79.00
Testing accuracy: 55.00
chosen workers [59 33 50 37 74 27 76 92  8 16]
Round 240, Average loss 0.237
Training accuracy: 79.00
Testing accuracy: 55.00
chosen workers [68 83 75  5 71  4 69 48  2 20]
Round 241, Average loss 0.247
Training accuracy: 79.00
Testing accuracy: 55.00
chosen workers [23 26 35 39 16 25 86 73 98 40]
Round 242, Average loss 0.243
Training accuracy: 80.00
Testing accuracy: 55.00
chosen workers [14  2 88 54 30 97 24 50 31 60]
Round 243, Average loss 0.227
Training accuracy: 80.00
Testing accuracy: 55.00
chosen workers [75 42  3 58 30 34 52 72 88  8]
Round 244, Average loss 0.241
Training accuracy: 81.00
Testing accuracy: 55.00
chosen workers [98 23 30 56  6 43 44 84 38 29]
Round 245, Average loss 0.251
Training accuracy: 79.00
Testing accuracy: 54.00
chosen workers [61 86 32 87 89 94 83  3 38  8]
Round 246, Average loss 0.245
Training accuracy: 79.00
Testing accuracy: 54.00
chosen workers [ 1 26 48 75 79 61 77 89 47 73]
Round 247, Average loss 0.202
Training accuracy: 84.00
Testing accuracy: 54.00
chosen workers [25 35 93 50 72 42 98 14 45 95]
Round 248, Average loss 0.212
Training accuracy: 82.00
Testing accuracy: 55.00
chosen workers [41 52 88 65 11 50 38 58 90 48]
Round 249, Average loss 0.190
Training accuracy: 83.00
Testing accuracy: 55.00
chosen workers [30  1 11 29 45 23 86 90 61 59]
Round 250, Average loss 0.202
Training accuracy: 82.00
Testing accuracy: 55.00
chosen workers [16 33 29 64 47 93 34 39 22 51]
Round 251, Average loss 0.240
Training accuracy: 80.00
Testing accuracy: 55.00
chosen workers [54 32 88 33 75 84 89 14 83 98]
Round 252, Average loss 0.176
Training accuracy: 85.00
Testing accuracy: 55.00
chosen workers [37 30 66 17 59 67 98 52 39 74]
Round 253, Average loss 0.204
Training accuracy: 83.00
Testing accuracy: 54.00
chosen workers [32 70 87 45 92 31 60 95 38 69]
Round 254, Average loss 0.236
Training accuracy: 80.00
Testing accuracy: 55.00
chosen workers [25 47 95 29  1 61 36 92 57  2]
Round 255, Average loss 0.222
Training accuracy: 81.00
Testing accuracy: 55.00
chosen workers [95 36  1 39 35 58  0 53 25 15]
Round 256, Average loss 0.226
Training accuracy: 81.00
Testing accuracy: 55.00
chosen workers [48 76 49 99 41 60 86 95 28 64]
Round 257, Average loss 0.228
Training accuracy: 82.00
Testing accuracy: 55.00
chosen workers [37  2 84 85 18 82 93 54 24 20]
Round 258, Average loss 0.238
Training accuracy: 80.00
Testing accuracy: 55.00
chosen workers [67 60 89 19 84 45 77 17 62 11]
Round 259, Average loss 0.218
Training accuracy: 81.00
Testing accuracy: 54.00
chosen workers [54 64  0 70 29 62 99 34 67 47]
Round 260, Average loss 0.217
Training accuracy: 81.00
Testing accuracy: 54.00
chosen workers [51  5  2 78 11 22  4 70  6 16]
Round 261, Average loss 0.225
Training accuracy: 80.00
Testing accuracy: 54.00
chosen workers [ 0 86 98 64 38 35 24 28 89 25]
Round 262, Average loss 0.190
Training accuracy: 83.00
Testing accuracy: 55.00
chosen workers [47 78  4 91  5 77  6 65 79 48]
Round 263, Average loss 0.212
Training accuracy: 82.00
Testing accuracy: 55.00
chosen workers [90  9 25 45 54 74 41 17 16 35]
Round 264, Average loss 0.171
Training accuracy: 85.00
Testing accuracy: 54.00
chosen workers [52 50 32 20 66 46 79 19 44 54]
Round 265, Average loss 0.237
Training accuracy: 80.00
Testing accuracy: 55.00
chosen workers [ 7 16 35 10 71 45 19 83 97 94]
Round 266, Average loss 0.250
Training accuracy: 79.00
Testing accuracy: 55.00
chosen workers [99 51 46 97 68 16 58 84 74 43]
Round 267, Average loss 0.216
Training accuracy: 81.00
Testing accuracy: 55.00
chosen workers [83 79 85 30 29 88  0 64 71 12]
Round 268, Average loss 0.235
Training accuracy: 80.00
Testing accuracy: 55.00
chosen workers [18 98  0 90 14 79 80 59 11 30]
Round 269, Average loss 0.196
Training accuracy: 83.00
Testing accuracy: 55.00
chosen workers [23 66 43  0 76 59 31 41 35 69]
Round 270, Average loss 0.211
Training accuracy: 82.00
Testing accuracy: 55.00
chosen workers [36  2 82 31 42 41 29 81 89 47]
Round 271, Average loss 0.208
Training accuracy: 83.00
Testing accuracy: 55.00
chosen workers [37 43 31  3 77 85 63 52 27 35]
Round 272, Average loss 0.231
Training accuracy: 81.00
Testing accuracy: 55.00
chosen workers [ 6 39 56 61 35 84 25 40 74 58]
Round 273, Average loss 0.215
Training accuracy: 83.00
Testing accuracy: 55.00
chosen workers [85 32 23 61 41 40 18 97 65 17]
Round 274, Average loss 0.191
Training accuracy: 84.00
Testing accuracy: 55.00
chosen workers [30 67  6  5 55 27 39 76 57 35]
Round 275, Average loss 0.217
Training accuracy: 81.00
Testing accuracy: 55.00
chosen workers [92 86 42 10 36 37  5 89 85 95]
Round 276, Average loss 0.209
Training accuracy: 82.00
Testing accuracy: 54.00
chosen workers [31 59 62 95 51  0 11 29 93 17]
Round 277, Average loss 0.189
Training accuracy: 83.00
Testing accuracy: 55.00
chosen workers [18 78 42 69 53  6 72 91 14 75]
Round 278, Average loss 0.244
Training accuracy: 80.00
Testing accuracy: 55.00
chosen workers [ 7 89 42 54 57 93 33 39 98 27]
Round 279, Average loss 0.194
Training accuracy: 84.00
Testing accuracy: 55.00
chosen workers [46  9 91 47 22 61 59 32 60 24]
Round 280, Average loss 0.233
Training accuracy: 81.00
Testing accuracy: 55.00
chosen workers [33 18 71 37 89 51 55 69 80 54]
Round 281, Average loss 0.195
Training accuracy: 83.00
Testing accuracy: 55.00
chosen workers [77 68 38  2 85 81  8 78 60 36]
Round 282, Average loss 0.225
Training accuracy: 81.00
Testing accuracy: 55.00
chosen workers [ 0 96 36 54 38 21 80 31 32 42]
Round 283, Average loss 0.175
Training accuracy: 84.00
Testing accuracy: 54.00
chosen workers [32 84  8 62 21  9 20 83 99 12]
Round 284, Average loss 0.231
Training accuracy: 80.00
Testing accuracy: 55.00
chosen workers [58 89  5  0 20 31 41 61 27 95]
Round 285, Average loss 0.157
Training accuracy: 86.00
Testing accuracy: 55.00
chosen workers [62 85 93 79 10 58 92 74 70  6]
Round 286, Average loss 0.213
Training accuracy: 83.00
Testing accuracy: 55.00
chosen workers [81 27 64  9 24  3 72 49 50 92]
Round 287, Average loss 0.229
Training accuracy: 80.00
Testing accuracy: 55.00
chosen workers [35  3 48 22 44  1 51 25  6 46]
Round 288, Average loss 0.217
Training accuracy: 82.00
Testing accuracy: 55.00
chosen workers [33 26 28 44 85 21 89 73 29 90]
Round 289, Average loss 0.210
Training accuracy: 83.00
Testing accuracy: 55.00
chosen workers [94 24 68 29 33 85 67 15  6 55]
Round 290, Average loss 0.201
Training accuracy: 82.00
Testing accuracy: 54.00
chosen workers [23 91 43 75 95  4 79 71 62 65]
Round 291, Average loss 0.241
Training accuracy: 81.00
Testing accuracy: 54.00
chosen workers [ 2 10  3  8 12 94 46 33 30 60]
Round 292, Average loss 0.196
Training accuracy: 82.00
Testing accuracy: 55.00
chosen workers [26 61 57 56 46 12 97 41 73 36]
Round 293, Average loss 0.217
Training accuracy: 82.00
Testing accuracy: 55.00
chosen workers [ 2 42 47 72  5 48 95 71  3 56]
Round 294, Average loss 0.179
Training accuracy: 84.00
Testing accuracy: 55.00
chosen workers [97 43  6 40 66 89 63 38  5  7]
Round 295, Average loss 0.216
Training accuracy: 82.00
Testing accuracy: 55.00
chosen workers [81 28 10 17 83 43 99 25 48 12]
Round 296, Average loss 0.198
Training accuracy: 84.00
Testing accuracy: 55.00
chosen workers [30 17 29  5 83 61 42 95 18 37]
Round 297, Average loss 0.155
Training accuracy: 86.00
Testing accuracy: 55.00
chosen workers [67 59 39 52 70 29 18 28 16 13]
Round 298, Average loss 0.216
Training accuracy: 81.00
Testing accuracy: 55.00
chosen workers [ 7 68 55 75 39 35 78 63 17 13]
Round 299, Average loss 0.222
Training accuracy: 82.00
Testing accuracy: 55.00
